-------------------------------------------------------------------------------
Test set: com.msa.controller.PostControllerTest
-------------------------------------------------------------------------------
Tests run: 3, Failures: 1, Errors: 2, Skipped: 0, Time elapsed: 3.01 s <<< FAILURE! - in com.msa.controller.PostControllerTest
getPostTest  Time elapsed: 0.208 s  <<< ERROR!
org.springframework.web.util.NestedServletException: Request processing failed; nested exception is java.lang.NullPointerException: Cannot invoke "com.msa.domain.Post.setUser(com.msa.domain.User)" because "post" is null
	at com.msa.controller.PostControllerTest.getPostTest(PostControllerTest.java:66)
Caused by: java.lang.NullPointerException: Cannot invoke "com.msa.domain.Post.setUser(com.msa.domain.User)" because "post" is null
	at com.msa.controller.PostControllerTest.getPostTest(PostControllerTest.java:66)

addPost  Time elapsed: 0.087 s  <<< FAILURE!
java.lang.AssertionError: No value at JSON path "$.data.title"
	at com.msa.controller.PostControllerTest.addPost(PostControllerTest.java:46)
Caused by: com.jayway.jsonpath.PathNotFoundException: Expected to find an object with property ['title'] in path $['data'] but found 'java.lang.String'. This is not a json object according to the JsonProvider: 'com.jayway.jsonpath.spi.json.JsonSmartJsonProvider'.
	at com.msa.controller.PostControllerTest.addPost(PostControllerTest.java:46)

getSimplePostTest  Time elapsed: 0.006 s  <<< ERROR!
org.springframework.web.util.NestedServletException: Request processing failed; nested exception is java.util.NoSuchElementException: No value present
	at com.msa.controller.PostControllerTest.getSimplePostTest(PostControllerTest.java:53)
Caused by: java.util.NoSuchElementException: No value present
	at com.msa.controller.PostControllerTest.getSimplePostTest(PostControllerTest.java:53)

