<?xml version="1.0" encoding="UTF-8"?>
<testsuite xmlns:xsi="http://www.w3.org/2001/XMLSchema-instance" xsi:noNamespaceSchemaLocation="https://maven.apache.org/surefire/maven-surefire-plugin/xsd/surefire-test-report.xsd" name="com.msa.controller.PostControllerTest" time="3.01" tests="3" errors="2" skipped="0" failures="1">
  <properties>
[...]
</properties>
  <testcase name="getPostTest" classname="com.msa.controller.PostControllerTest" time="0.208">
    <error message="Request processing failed; nested exception is java.lang.NullPointerException: Cannot invoke &quot;com.msa.domain.Post.setUser(com.msa.domain.User)&quot; because &quot;post&quot; is null" type="org.springframework.web.util.NestedServletException">org.springframework.web.util.NestedServletException: Request processing failed; nested exception is java.lang.NullPointerException: Cannot invoke "com.msa.domain.Post.setUser(com.msa.domain.User)" because "post" is null
	at com.msa.controller.PostControllerTest.getPostTest(PostControllerTest.java:66)
Caused by: java.lang.NullPointerException: Cannot invoke "com.msa.domain.Post.setUser(com.msa.domain.User)" because "post" is null
	at com.msa.controller.PostControllerTest.getPostTest(PostControllerTest.java:66)
</error>
    <system-out><![CDATA[22:00:53.581 [main] DEBUG org.springframework.test.context.junit4.SpringJUnit4ClassRunner - SpringJUnit4ClassRunner constructor called with [class com.msa.controller.PostControllerTest]
22:00:53.583 [main] DEBUG org.springframework.test.context.BootstrapUtils - Instantiating CacheAwareContextLoaderDelegate from class [org.springframework.test.context.cache.DefaultCacheAwareContextLoaderDelegate]
22:00:53.588 [main] DEBUG org.springframework.test.context.BootstrapUtils - Instantiating BootstrapContext using constructor [public org.springframework.test.context.support.DefaultBootstrapContext(java.lang.Class,org.springframework.test.context.CacheAwareContextLoaderDelegate)]
22:00:53.611 [main] DEBUG org.springframework.test.context.BootstrapUtils - Instantiating TestContextBootstrapper for test class [com.msa.controller.PostControllerTest] from class [org.springframework.boot.test.context.SpringBootTestContextBootstrapper]
22:00:53.621 [main] INFO org.springframework.boot.test.context.SpringBootTestContextBootstrapper - Neither @ContextConfiguration nor @ContextHierarchy found for test class [com.msa.controller.PostControllerTest], using SpringBootContextLoader
22:00:53.625 [main] DEBUG org.springframework.test.context.support.AbstractContextLoader - Did not detect default resource location for test class [com.msa.controller.PostControllerTest]: class path resource [com/msa/controller/PostControllerTest-context.xml] does not exist
22:00:53.625 [main] DEBUG org.springframework.test.context.support.AbstractContextLoader - Did not detect default resource location for test class [com.msa.controller.PostControllerTest]: class path resource [com/msa/controller/PostControllerTestContext.groovy] does not exist
22:00:53.625 [main] INFO org.springframework.test.context.support.AbstractContextLoader - Could not detect default resource locations for test class [com.msa.controller.PostControllerTest]: no resource found for suffixes {-context.xml, Context.groovy}.
22:00:53.626 [main] INFO org.springframework.test.context.support.AnnotationConfigContextLoaderUtils - Could not detect default configuration classes for test class [com.msa.controller.PostControllerTest]: PostControllerTest does not declare any static, non-private, non-final, nested classes annotated with @Configuration.
22:00:53.661 [main] DEBUG org.springframework.test.context.support.ActiveProfilesUtils - Could not find an 'annotation declaring class' for annotation type [org.springframework.test.context.ActiveProfiles] and class [com.msa.controller.PostControllerTest]
22:00:53.710 [main] DEBUG org.springframework.context.annotation.ClassPathScanningCandidateComponentProvider - Identified candidate component class: file [F:\SPRING_MSA_EDU\workspace\01 MSA Decomposition\01 MSA Decomposition\start\simplesns-monolithic\target\classes\com\msa\SimpleSNSApplication.class]
22:00:53.711 [main] INFO org.springframework.boot.test.context.SpringBootTestContextBootstrapper - Found @SpringBootConfiguration com.msa.SimpleSNSApplication for test class com.msa.controller.PostControllerTest
22:00:53.780 [main] DEBUG org.springframework.boot.test.context.SpringBootTestContextBootstrapper - @TestExecutionListeners is not present for class [com.msa.controller.PostControllerTest]: using defaults.
22:00:53.780 [main] INFO org.springframework.boot.test.context.SpringBootTestContextBootstrapper - Loaded default TestExecutionListener class names from location [META-INF/spring.factories]: [org.springframework.boot.test.mock.mockito.MockitoTestExecutionListener, org.springframework.boot.test.mock.mockito.ResetMocksTestExecutionListener, org.springframework.boot.test.autoconfigure.restdocs.RestDocsTestExecutionListener, org.springframework.boot.test.autoconfigure.web.client.MockRestServiceServerResetTestExecutionListener, org.springframework.boot.test.autoconfigure.web.servlet.MockMvcPrintOnlyOnFailureTestExecutionListener, org.springframework.boot.test.autoconfigure.web.servlet.WebDriverTestExecutionListener, org.springframework.boot.test.autoconfigure.webservices.client.MockWebServiceServerTestExecutionListener, org.springframework.test.context.web.ServletTestExecutionListener, org.springframework.test.context.support.DirtiesContextBeforeModesTestExecutionListener, org.springframework.test.context.support.DependencyInjectionTestExecutionListener, org.springframework.test.context.support.DirtiesContextTestExecutionListener, org.springframework.test.context.transaction.TransactionalTestExecutionListener, org.springframework.test.context.jdbc.SqlScriptsTestExecutionListener, org.springframework.test.context.event.EventPublishingTestExecutionListener]
22:00:53.794 [main] INFO org.springframework.boot.test.context.SpringBootTestContextBootstrapper - Using TestExecutionListeners: [org.springframework.test.context.web.ServletTestExecutionListener@299321e2, org.springframework.test.context.support.DirtiesContextBeforeModesTestExecutionListener@23fb172e, org.springframework.boot.test.mock.mockito.MockitoTestExecutionListener@64ba3208, org.springframework.boot.test.autoconfigure.SpringBootDependencyInjectionTestExecutionListener@158a3b2e, org.springframework.test.context.support.DirtiesContextTestExecutionListener@25a6944c, org.springframework.test.context.transaction.TransactionalTestExecutionListener@5e1fa5b1, org.springframework.test.context.jdbc.SqlScriptsTestExecutionListener@6b00f608, org.springframework.test.context.event.EventPublishingTestExecutionListener@2f17e30d, org.springframework.boot.test.mock.mockito.ResetMocksTestExecutionListener@3e821657, org.springframework.boot.test.autoconfigure.restdocs.RestDocsTestExecutionListener@1d131e1b, org.springframework.boot.test.autoconfigure.web.client.MockRestServiceServerResetTestExecutionListener@71cf1b07, org.springframework.boot.test.autoconfigure.web.servlet.MockMvcPrintOnlyOnFailureTestExecutionListener@615091b8, org.springframework.boot.test.autoconfigure.web.servlet.WebDriverTestExecutionListener@4fce136b, org.springframework.boot.test.autoconfigure.webservices.client.MockWebServiceServerTestExecutionListener@4aa83f4f]
22:00:53.796 [main] DEBUG org.springframework.test.annotation.ProfileValueUtils - Retrieved @ProfileValueSourceConfiguration [null] for test class [com.msa.controller.PostControllerTest]
22:00:53.796 [main] DEBUG org.springframework.test.annotation.ProfileValueUtils - Retrieved ProfileValueSource type [class org.springframework.test.annotation.SystemProfileValueSource] for class [com.msa.controller.PostControllerTest]
22:00:53.797 [main] DEBUG org.springframework.test.annotation.ProfileValueUtils - Retrieved @ProfileValueSourceConfiguration [null] for test class [com.msa.controller.PostControllerTest]
22:00:53.798 [main] DEBUG org.springframework.test.annotation.ProfileValueUtils - Retrieved ProfileValueSource type [class org.springframework.test.annotation.SystemProfileValueSource] for class [com.msa.controller.PostControllerTest]
22:00:53.800 [main] DEBUG org.springframework.test.annotation.ProfileValueUtils - Retrieved @ProfileValueSourceConfiguration [null] for test class [com.msa.controller.PostControllerTest]
22:00:53.800 [main] DEBUG org.springframework.test.annotation.ProfileValueUtils - Retrieved ProfileValueSource type [class org.springframework.test.annotation.SystemProfileValueSource] for class [com.msa.controller.PostControllerTest]
22:00:53.817 [main] DEBUG org.springframework.test.context.junit4.SpringJUnit4ClassRunner - SpringJUnit4ClassRunner constructor called with [class com.msa.SimpleSNSApplicationTests]
22:00:53.817 [main] DEBUG org.springframework.test.context.BootstrapUtils - Instantiating CacheAwareContextLoaderDelegate from class [org.springframework.test.context.cache.DefaultCacheAwareContextLoaderDelegate]
22:00:53.817 [main] DEBUG org.springframework.test.context.BootstrapUtils - Instantiating BootstrapContext using constructor [public org.springframework.test.context.support.DefaultBootstrapContext(java.lang.Class,org.springframework.test.context.CacheAwareContextLoaderDelegate)]
22:00:53.817 [main] DEBUG org.springframework.test.context.BootstrapUtils - Instantiating TestContextBootstrapper for test class [com.msa.SimpleSNSApplicationTests] from class [org.springframework.boot.test.context.SpringBootTestContextBootstrapper]
22:00:53.818 [main] INFO org.springframework.boot.test.context.SpringBootTestContextBootstrapper - Neither @ContextConfiguration nor @ContextHierarchy found for test class [com.msa.SimpleSNSApplicationTests], using SpringBootContextLoader
22:00:53.819 [main] DEBUG org.springframework.test.context.support.AbstractContextLoader - Did not detect default resource location for test class [com.msa.SimpleSNSApplicationTests]: class path resource [com/msa/SimpleSNSApplicationTests-context.xml] does not exist
22:00:53.819 [main] DEBUG org.springframework.test.context.support.AbstractContextLoader - Did not detect default resource location for test class [com.msa.SimpleSNSApplicationTests]: class path resource [com/msa/SimpleSNSApplicationTestsContext.groovy] does not exist
22:00:53.819 [main] INFO org.springframework.test.context.support.AbstractContextLoader - Could not detect default resource locations for test class [com.msa.SimpleSNSApplicationTests]: no resource found for suffixes {-context.xml, Context.groovy}.
22:00:53.819 [main] INFO org.springframework.test.context.support.AnnotationConfigContextLoaderUtils - Could not detect default configuration classes for test class [com.msa.SimpleSNSApplicationTests]: SimpleSNSApplicationTests does not declare any static, non-private, non-final, nested classes annotated with @Configuration.
22:00:53.820 [main] DEBUG org.springframework.test.context.support.ActiveProfilesUtils - Could not find an 'annotation declaring class' for annotation type [org.springframework.test.context.ActiveProfiles] and class [com.msa.SimpleSNSApplicationTests]
22:00:53.823 [main] DEBUG org.springframework.context.annotation.ClassPathScanningCandidateComponentProvider - Identified candidate component class: file [F:\SPRING_MSA_EDU\workspace\01 MSA Decomposition\01 MSA Decomposition\start\simplesns-monolithic\target\classes\com\msa\SimpleSNSApplication.class]
22:00:53.823 [main] INFO org.springframework.boot.test.context.SpringBootTestContextBootstrapper - Found @SpringBootConfiguration com.msa.SimpleSNSApplication for test class com.msa.SimpleSNSApplicationTests
22:00:53.825 [main] DEBUG org.springframework.boot.test.context.SpringBootTestContextBootstrapper - @TestExecutionListeners is not present for class [com.msa.SimpleSNSApplicationTests]: using defaults.
22:00:53.825 [main] INFO org.springframework.boot.test.context.SpringBootTestContextBootstrapper - Loaded default TestExecutionListener class names from location [META-INF/spring.factories]: [org.springframework.boot.test.mock.mockito.MockitoTestExecutionListener, org.springframework.boot.test.mock.mockito.ResetMocksTestExecutionListener, org.springframework.boot.test.autoconfigure.restdocs.RestDocsTestExecutionListener, org.springframework.boot.test.autoconfigure.web.client.MockRestServiceServerResetTestExecutionListener, org.springframework.boot.test.autoconfigure.web.servlet.MockMvcPrintOnlyOnFailureTestExecutionListener, org.springframework.boot.test.autoconfigure.web.servlet.WebDriverTestExecutionListener, org.springframework.boot.test.autoconfigure.webservices.client.MockWebServiceServerTestExecutionListener, org.springframework.test.context.web.ServletTestExecutionListener, org.springframework.test.context.support.DirtiesContextBeforeModesTestExecutionListener, org.springframework.test.context.support.DependencyInjectionTestExecutionListener, org.springframework.test.context.support.DirtiesContextTestExecutionListener, org.springframework.test.context.transaction.TransactionalTestExecutionListener, org.springframework.test.context.jdbc.SqlScriptsTestExecutionListener, org.springframework.test.context.event.EventPublishingTestExecutionListener]
22:00:53.825 [main] INFO org.springframework.boot.test.context.SpringBootTestContextBootstrapper - Using TestExecutionListeners: [org.springframework.test.context.web.ServletTestExecutionListener@704f1591, org.springframework.test.context.support.DirtiesContextBeforeModesTestExecutionListener@58fb7731, org.springframework.boot.test.mock.mockito.MockitoTestExecutionListener@13e547a9, org.springframework.boot.test.autoconfigure.SpringBootDependencyInjectionTestExecutionListener@3fb6cf60, org.springframework.test.context.support.DirtiesContextTestExecutionListener@37ddb69a, org.springframework.test.context.transaction.TransactionalTestExecutionListener@349c1daf, org.springframework.test.context.jdbc.SqlScriptsTestExecutionListener@dfddc9a, org.springframework.test.context.event.EventPublishingTestExecutionListener@4b9df8a, org.springframework.boot.test.mock.mockito.ResetMocksTestExecutionListener@5e8ac0e1, org.springframework.boot.test.autoconfigure.restdocs.RestDocsTestExecutionListener@aafcffa, org.springframework.boot.test.autoconfigure.web.client.MockRestServiceServerResetTestExecutionListener@6955cb39, org.springframework.boot.test.autoconfigure.web.servlet.MockMvcPrintOnlyOnFailureTestExecutionListener@235a0c16, org.springframework.boot.test.autoconfigure.web.servlet.WebDriverTestExecutionListener@2b5f4d54, org.springframework.boot.test.autoconfigure.webservices.client.MockWebServiceServerTestExecutionListener@5f7b97da]
22:00:53.825 [main] DEBUG org.springframework.test.annotation.ProfileValueUtils - Retrieved @ProfileValueSourceConfiguration [null] for test class [com.msa.SimpleSNSApplicationTests]
22:00:53.825 [main] DEBUG org.springframework.test.annotation.ProfileValueUtils - Retrieved ProfileValueSource type [class org.springframework.test.annotation.SystemProfileValueSource] for class [com.msa.SimpleSNSApplicationTests]
22:00:53.825 [main] DEBUG org.springframework.test.annotation.ProfileValueUtils - Retrieved @ProfileValueSourceConfiguration [null] for test class [com.msa.SimpleSNSApplicationTests]
22:00:53.825 [main] DEBUG org.springframework.test.annotation.ProfileValueUtils - Retrieved ProfileValueSource type [class org.springframework.test.annotation.SystemProfileValueSource] for class [com.msa.SimpleSNSApplicationTests]
22:00:53.826 [main] DEBUG org.springframework.test.annotation.ProfileValueUtils - Retrieved @ProfileValueSourceConfiguration [null] for test class [com.msa.SimpleSNSApplicationTests]
22:00:53.826 [main] DEBUG org.springframework.test.annotation.ProfileValueUtils - Retrieved ProfileValueSource type [class org.springframework.test.annotation.SystemProfileValueSource] for class [com.msa.SimpleSNSApplicationTests]
22:00:53.829 [main] DEBUG org.springframework.test.context.junit4.SpringJUnit4ClassRunner - SpringJUnit4ClassRunner constructor called with [class com.msa.controller.PostControllerTest]
22:00:53.830 [main] DEBUG org.springframework.test.context.BootstrapUtils - Instantiating CacheAwareContextLoaderDelegate from class [org.springframework.test.context.cache.DefaultCacheAwareContextLoaderDelegate]
22:00:53.830 [main] DEBUG org.springframework.test.context.BootstrapUtils - Instantiating BootstrapContext using constructor [public org.springframework.test.context.support.DefaultBootstrapContext(java.lang.Class,org.springframework.test.context.CacheAwareContextLoaderDelegate)]
22:00:53.830 [main] DEBUG org.springframework.test.context.BootstrapUtils - Instantiating TestContextBootstrapper for test class [com.msa.controller.PostControllerTest] from class [org.springframework.boot.test.context.SpringBootTestContextBootstrapper]
22:00:53.830 [main] INFO org.springframework.boot.test.context.SpringBootTestContextBootstrapper - Neither @ContextConfiguration nor @ContextHierarchy found for test class [com.msa.controller.PostControllerTest], using SpringBootContextLoader
22:00:53.831 [main] DEBUG org.springframework.test.context.support.AbstractContextLoader - Did not detect default resource location for test class [com.msa.controller.PostControllerTest]: class path resource [com/msa/controller/PostControllerTest-context.xml] does not exist
22:00:53.831 [main] DEBUG org.springframework.test.context.support.AbstractContextLoader - Did not detect default resource location for test class [com.msa.controller.PostControllerTest]: class path resource [com/msa/controller/PostControllerTestContext.groovy] does not exist
22:00:53.831 [main] INFO org.springframework.test.context.support.AbstractContextLoader - Could not detect default resource locations for test class [com.msa.controller.PostControllerTest]: no resource found for suffixes {-context.xml, Context.groovy}.
22:00:53.831 [main] INFO org.springframework.test.context.support.AnnotationConfigContextLoaderUtils - Could not detect default configuration classes for test class [com.msa.controller.PostControllerTest]: PostControllerTest does not declare any static, non-private, non-final, nested classes annotated with @Configuration.
22:00:53.833 [main] DEBUG org.springframework.test.context.support.ActiveProfilesUtils - Could not find an 'annotation declaring class' for annotation type [org.springframework.test.context.ActiveProfiles] and class [com.msa.controller.PostControllerTest]
22:00:53.833 [main] INFO org.springframework.boot.test.context.SpringBootTestContextBootstrapper - Found @SpringBootConfiguration com.msa.SimpleSNSApplication for test class com.msa.controller.PostControllerTest
22:00:53.835 [main] DEBUG org.springframework.boot.test.context.SpringBootTestContextBootstrapper - @TestExecutionListeners is not present for class [com.msa.controller.PostControllerTest]: using defaults.
22:00:53.835 [main] INFO org.springframework.boot.test.context.SpringBootTestContextBootstrapper - Loaded default TestExecutionListener class names from location [META-INF/spring.factories]: [org.springframework.boot.test.mock.mockito.MockitoTestExecutionListener, org.springframework.boot.test.mock.mockito.ResetMocksTestExecutionListener, org.springframework.boot.test.autoconfigure.restdocs.RestDocsTestExecutionListener, org.springframework.boot.test.autoconfigure.web.client.MockRestServiceServerResetTestExecutionListener, org.springframework.boot.test.autoconfigure.web.servlet.MockMvcPrintOnlyOnFailureTestExecutionListener, org.springframework.boot.test.autoconfigure.web.servlet.WebDriverTestExecutionListener, org.springframework.boot.test.autoconfigure.webservices.client.MockWebServiceServerTestExecutionListener, org.springframework.test.context.web.ServletTestExecutionListener, org.springframework.test.context.support.DirtiesContextBeforeModesTestExecutionListener, org.springframework.test.context.support.DependencyInjectionTestExecutionListener, org.springframework.test.context.support.DirtiesContextTestExecutionListener, org.springframework.test.context.transaction.TransactionalTestExecutionListener, org.springframework.test.context.jdbc.SqlScriptsTestExecutionListener, org.springframework.test.context.event.EventPublishingTestExecutionListener]
22:00:53.835 [main] INFO org.springframework.boot.test.context.SpringBootTestContextBootstrapper - Using TestExecutionListeners: [org.springframework.test.context.web.ServletTestExecutionListener@2e9fda69, org.springframework.test.context.support.DirtiesContextBeforeModesTestExecutionListener@17cdf2d0, org.springframework.boot.test.mock.mockito.MockitoTestExecutionListener@1755e85b, org.springframework.boot.test.autoconfigure.SpringBootDependencyInjectionTestExecutionListener@736d6a5c, org.springframework.test.context.support.DirtiesContextTestExecutionListener@2371aaca, org.springframework.test.context.transaction.TransactionalTestExecutionListener@5b529706, org.springframework.test.context.jdbc.SqlScriptsTestExecutionListener@63fdab07, org.springframework.test.context.event.EventPublishingTestExecutionListener@7b5a12ae, org.springframework.boot.test.mock.mockito.ResetMocksTestExecutionListener@5553d0f5, org.springframework.boot.test.autoconfigure.restdocs.RestDocsTestExecutionListener@1af687fe, org.springframework.boot.test.autoconfigure.web.client.MockRestServiceServerResetTestExecutionListener@14dda234, org.springframework.boot.test.autoconfigure.web.servlet.MockMvcPrintOnlyOnFailureTestExecutionListener@3f390d63, org.springframework.boot.test.autoconfigure.web.servlet.WebDriverTestExecutionListener@74a6a609, org.springframework.boot.test.autoconfigure.webservices.client.MockWebServiceServerTestExecutionListener@5a411614]
22:00:53.835 [main] DEBUG org.springframework.test.annotation.ProfileValueUtils - Retrieved @ProfileValueSourceConfiguration [null] for test class [com.msa.controller.PostControllerTest]
22:00:53.835 [main] DEBUG org.springframework.test.annotation.ProfileValueUtils - Retrieved ProfileValueSource type [class org.springframework.test.annotation.SystemProfileValueSource] for class [com.msa.controller.PostControllerTest]
22:00:53.835 [main] DEBUG org.springframework.test.annotation.ProfileValueUtils - Retrieved @ProfileValueSourceConfiguration [null] for test class [com.msa.controller.PostControllerTest]
22:00:53.835 [main] DEBUG org.springframework.test.annotation.ProfileValueUtils - Retrieved ProfileValueSource type [class org.springframework.test.annotation.SystemProfileValueSource] for class [com.msa.controller.PostControllerTest]
22:00:53.835 [main] DEBUG org.springframework.test.annotation.ProfileValueUtils - Retrieved @ProfileValueSourceConfiguration [null] for test class [com.msa.controller.PostControllerTest]
22:00:53.836 [main] DEBUG org.springframework.test.annotation.ProfileValueUtils - Retrieved ProfileValueSource type [class org.springframework.test.annotation.SystemProfileValueSource] for class [com.msa.controller.PostControllerTest]
22:00:53.836 [main] DEBUG org.springframework.test.context.junit4.SpringJUnit4ClassRunner - SpringJUnit4ClassRunner constructor called with [class com.msa.SimpleSNSApplicationTests]
22:00:53.836 [main] DEBUG org.springframework.test.context.BootstrapUtils - Instantiating CacheAwareContextLoaderDelegate from class [org.springframework.test.context.cache.DefaultCacheAwareContextLoaderDelegate]
22:00:53.836 [main] DEBUG org.springframework.test.context.BootstrapUtils - Instantiating BootstrapContext using constructor [public org.springframework.test.context.support.DefaultBootstrapContext(java.lang.Class,org.springframework.test.context.CacheAwareContextLoaderDelegate)]
22:00:53.836 [main] DEBUG org.springframework.test.context.BootstrapUtils - Instantiating TestContextBootstrapper for test class [com.msa.SimpleSNSApplicationTests] from class [org.springframework.boot.test.context.SpringBootTestContextBootstrapper]
22:00:53.837 [main] INFO org.springframework.boot.test.context.SpringBootTestContextBootstrapper - Neither @ContextConfiguration nor @ContextHierarchy found for test class [com.msa.SimpleSNSApplicationTests], using SpringBootContextLoader
22:00:53.837 [main] DEBUG org.springframework.test.context.support.AbstractContextLoader - Did not detect default resource location for test class [com.msa.SimpleSNSApplicationTests]: class path resource [com/msa/SimpleSNSApplicationTests-context.xml] does not exist
22:00:53.837 [main] DEBUG org.springframework.test.context.support.AbstractContextLoader - Did not detect default resource location for test class [com.msa.SimpleSNSApplicationTests]: class path resource [com/msa/SimpleSNSApplicationTestsContext.groovy] does not exist
22:00:53.837 [main] INFO org.springframework.test.context.support.AbstractContextLoader - Could not detect default resource locations for test class [com.msa.SimpleSNSApplicationTests]: no resource found for suffixes {-context.xml, Context.groovy}.
22:00:53.837 [main] INFO org.springframework.test.context.support.AnnotationConfigContextLoaderUtils - Could not detect default configuration classes for test class [com.msa.SimpleSNSApplicationTests]: SimpleSNSApplicationTests does not declare any static, non-private, non-final, nested classes annotated with @Configuration.
22:00:53.838 [main] DEBUG org.springframework.test.context.support.ActiveProfilesUtils - Could not find an 'annotation declaring class' for annotation type [org.springframework.test.context.ActiveProfiles] and class [com.msa.SimpleSNSApplicationTests]
22:00:53.838 [main] INFO org.springframework.boot.test.context.SpringBootTestContextBootstrapper - Found @SpringBootConfiguration com.msa.SimpleSNSApplication for test class com.msa.SimpleSNSApplicationTests
22:00:53.840 [main] DEBUG org.springframework.boot.test.context.SpringBootTestContextBootstrapper - @TestExecutionListeners is not present for class [com.msa.SimpleSNSApplicationTests]: using defaults.
22:00:53.840 [main] INFO org.springframework.boot.test.context.SpringBootTestContextBootstrapper - Loaded default TestExecutionListener class names from location [META-INF/spring.factories]: [org.springframework.boot.test.mock.mockito.MockitoTestExecutionListener, org.springframework.boot.test.mock.mockito.ResetMocksTestExecutionListener, org.springframework.boot.test.autoconfigure.restdocs.RestDocsTestExecutionListener, org.springframework.boot.test.autoconfigure.web.client.MockRestServiceServerResetTestExecutionListener, org.springframework.boot.test.autoconfigure.web.servlet.MockMvcPrintOnlyOnFailureTestExecutionListener, org.springframework.boot.test.autoconfigure.web.servlet.WebDriverTestExecutionListener, org.springframework.boot.test.autoconfigure.webservices.client.MockWebServiceServerTestExecutionListener, org.springframework.test.context.web.ServletTestExecutionListener, org.springframework.test.context.support.DirtiesContextBeforeModesTestExecutionListener, org.springframework.test.context.support.DependencyInjectionTestExecutionListener, org.springframework.test.context.support.DirtiesContextTestExecutionListener, org.springframework.test.context.transaction.TransactionalTestExecutionListener, org.springframework.test.context.jdbc.SqlScriptsTestExecutionListener, org.springframework.test.context.event.EventPublishingTestExecutionListener]
22:00:53.840 [main] INFO org.springframework.boot.test.context.SpringBootTestContextBootstrapper - Using TestExecutionListeners: [org.springframework.test.context.web.ServletTestExecutionListener@1506f20f, org.springframework.test.context.support.DirtiesContextBeforeModesTestExecutionListener@47a5b70d, org.springframework.boot.test.mock.mockito.MockitoTestExecutionListener@424fd310, org.springframework.boot.test.autoconfigure.SpringBootDependencyInjectionTestExecutionListener@1a45193b, org.springframework.test.context.support.DirtiesContextTestExecutionListener@38f116f6, org.springframework.test.context.transaction.TransactionalTestExecutionListener@5286c33a, org.springframework.test.context.jdbc.SqlScriptsTestExecutionListener@6e6d5d29, org.springframework.test.context.event.EventPublishingTestExecutionListener@5c530d1e, org.springframework.boot.test.mock.mockito.ResetMocksTestExecutionListener@6c25e6c4, org.springframework.boot.test.autoconfigure.restdocs.RestDocsTestExecutionListener@85e6769, org.springframework.boot.test.autoconfigure.web.client.MockRestServiceServerResetTestExecutionListener@c5ee75e, org.springframework.boot.test.autoconfigure.web.servlet.MockMvcPrintOnlyOnFailureTestExecutionListener@48a12036, org.springframework.boot.test.autoconfigure.web.servlet.WebDriverTestExecutionListener@bf1ec20, org.springframework.boot.test.autoconfigure.webservices.client.MockWebServiceServerTestExecutionListener@70efb718]
22:00:53.840 [main] DEBUG org.springframework.test.annotation.ProfileValueUtils - Retrieved @ProfileValueSourceConfiguration [null] for test class [com.msa.SimpleSNSApplicationTests]
22:00:53.840 [main] DEBUG org.springframework.test.annotation.ProfileValueUtils - Retrieved ProfileValueSource type [class org.springframework.test.annotation.SystemProfileValueSource] for class [com.msa.SimpleSNSApplicationTests]
22:00:53.841 [main] DEBUG org.springframework.test.annotation.ProfileValueUtils - Retrieved @ProfileValueSourceConfiguration [null] for test class [com.msa.SimpleSNSApplicationTests]
22:00:53.841 [main] DEBUG org.springframework.test.annotation.ProfileValueUtils - Retrieved ProfileValueSource type [class org.springframework.test.annotation.SystemProfileValueSource] for class [com.msa.SimpleSNSApplicationTests]
22:00:53.841 [main] DEBUG org.springframework.test.annotation.ProfileValueUtils - Retrieved @ProfileValueSourceConfiguration [null] for test class [com.msa.SimpleSNSApplicationTests]
22:00:53.841 [main] DEBUG org.springframework.test.annotation.ProfileValueUtils - Retrieved ProfileValueSource type [class org.springframework.test.annotation.SystemProfileValueSource] for class [com.msa.SimpleSNSApplicationTests]
22:00:53.875 [main] DEBUG org.springframework.test.annotation.ProfileValueUtils - Retrieved @ProfileValueSourceConfiguration [null] for test class [com.msa.controller.PostControllerTest]
22:00:53.875 [main] DEBUG org.springframework.test.annotation.ProfileValueUtils - Retrieved ProfileValueSource type [class org.springframework.test.annotation.SystemProfileValueSource] for class [com.msa.controller.PostControllerTest]
22:00:53.877 [main] DEBUG org.springframework.test.annotation.ProfileValueUtils - Retrieved @ProfileValueSourceConfiguration [null] for test class [com.msa.controller.PostControllerTest]
22:00:53.877 [main] DEBUG org.springframework.test.annotation.ProfileValueUtils - Retrieved ProfileValueSource type [class org.springframework.test.annotation.SystemProfileValueSource] for class [com.msa.controller.PostControllerTest]
22:00:53.877 [main] DEBUG org.springframework.test.annotation.ProfileValueUtils - Retrieved @ProfileValueSourceConfiguration [null] for test class [com.msa.controller.PostControllerTest]
22:00:53.877 [main] DEBUG org.springframework.test.annotation.ProfileValueUtils - Retrieved ProfileValueSource type [class org.springframework.test.annotation.SystemProfileValueSource] for class [com.msa.controller.PostControllerTest]
22:00:53.880 [main] DEBUG org.springframework.test.context.support.AbstractDirtiesContextTestExecutionListener - Before test class: context [DefaultTestContext@5827af16 testClass = PostControllerTest, testInstance = [null], testMethod = [null], testException = [null], mergedContextConfiguration = [WebMergedContextConfiguration@654d8173 testClass = PostControllerTest, locations = '{}', classes = '{class com.msa.SimpleSNSApplication}', contextInitializerClasses = '[]', activeProfiles = '{}', propertySourceLocations = '{}', propertySourceProperties = '{org.springframework.boot.test.context.SpringBootTestContextBootstrapper=true}', contextCustomizers = set[[ImportsContextCustomizer@56c9bbd8 key = [org.springframework.boot.test.autoconfigure.web.servlet.MockMvcAutoConfiguration, org.springframework.boot.test.autoconfigure.web.servlet.MockMvcWebClientAutoConfiguration, org.springframework.boot.test.autoconfigure.web.servlet.MockMvcWebDriverAutoConfiguration, org.springframework.boot.autoconfigure.security.oauth2.client.servlet.OAuth2ClientAutoConfiguration, org.springframework.boot.autoconfigure.security.oauth2.resource.servlet.OAuth2ResourceServerAutoConfiguration, org.springframework.boot.autoconfigure.security.servlet.SecurityAutoConfiguration, org.springframework.boot.autoconfigure.security.servlet.SecurityFilterAutoConfiguration, org.springframework.boot.autoconfigure.security.servlet.UserDetailsServiceAutoConfiguration, org.springframework.boot.test.autoconfigure.web.servlet.MockMvcSecurityConfiguration]], org.springframework.boot.test.context.filter.ExcludeFilterContextCustomizer@2235eaab, org.springframework.boot.test.json.DuplicateJsonObjectContextCustomizerFactory$DuplicateJsonObjectContextCustomizer@3b6d844d, org.springframework.boot.test.mock.mockito.MockitoContextCustomizer@0, org.springframework.boot.test.web.client.TestRestTemplateContextCustomizer@6bb4dd34, org.springframework.boot.test.autoconfigure.properties.PropertyMappingContextCustomizer@4b3fa0b3, org.springframework.boot.test.autoconfigure.web.servlet.WebDriverContextCustomizerFactory$Customizer@7d61eb55, org.springframework.boot.test.context.SpringBootTestArgs@1], resourceBasePath = 'src/main/webapp', contextLoader = 'org.springframework.boot.test.context.SpringBootContextLoader', parent = [null]], attributes = map['org.springframework.test.context.web.ServletTestExecutionListener.activateListener' -> true]], class annotated with @DirtiesContext [false] with mode [null].
22:00:53.881 [main] DEBUG org.springframework.test.annotation.ProfileValueUtils - Retrieved @ProfileValueSourceConfiguration [null] for test class [com.msa.controller.PostControllerTest]
22:00:53.881 [main] DEBUG org.springframework.test.annotation.ProfileValueUtils - Retrieved ProfileValueSource type [class org.springframework.test.annotation.SystemProfileValueSource] for class [com.msa.controller.PostControllerTest]
22:00:53.980 [main] DEBUG org.springframework.test.context.support.TestPropertySourceUtils - Adding inlined properties to environment: {spring.jmx.enabled=false, org.springframework.boot.test.context.SpringBootTestContextBootstrapper=true}

  .   ____          _            __ _ _
 /\\ / ___'_ __ _ _(_)_ __  __ _ \ \ \ \
( ( )\___ | '_ | '_| | '_ \/ _` | \ \ \ \
 \\/  ___)| |_)| | | | | || (_| |  ) ) ) )
  '  |____| .__|_| |_|_| |_\__, | / / / /
 =========|_|==============|___/=/_/_/_/
 :: Spring Boot ::        (v2.3.4.RELEASE)

2020-12-26 22:00:54.166  INFO 13304 --- [           main] com.msa.controller.PostControllerTest    : Starting PostControllerTest on DESKTOP-MT2J83O with PID 13304 (started by hiwatt in F:\SPRING_MSA_EDU\workspace\01 MSA Decomposition\01 MSA Decomposition\start\simplesns-monolithic)
2020-12-26 22:00:54.168  INFO 13304 --- [           main] com.msa.controller.PostControllerTest    : No active profile set, falling back to default profiles: default
2020-12-26 22:00:54.582  INFO 13304 --- [           main] .s.d.r.c.RepositoryConfigurationDelegate : Bootstrapping Spring Data JPA repositories in DEFERRED mode.
2020-12-26 22:00:54.653  INFO 13304 --- [           main] .s.d.r.c.RepositoryConfigurationDelegate : Finished Spring Data repository scanning in 64ms. Found 6 JPA repository interfaces.
2020-12-26 22:00:55.029  INFO 13304 --- [           main] o.s.s.concurrent.ThreadPoolTaskExecutor  : Initializing ExecutorService 'applicationTaskExecutor'
2020-12-26 22:00:55.040  INFO 13304 --- [           main] com.zaxxer.hikari.HikariDataSource       : HikariPool-1 - Starting...
2020-12-26 22:00:55.164  INFO 13304 --- [           main] com.zaxxer.hikari.HikariDataSource       : HikariPool-1 - Start completed.
2020-12-26 22:00:55.213  INFO 13304 --- [         task-1] o.hibernate.jpa.internal.util.LogHelper  : HHH000204: Processing PersistenceUnitInfo [name: default]
2020-12-26 22:00:55.250  INFO 13304 --- [         task-1] org.hibernate.Version                    : HHH000412: Hibernate ORM core version 5.4.21.Final
2020-12-26 22:00:55.376  INFO 13304 --- [         task-1] o.hibernate.annotations.common.Version   : HCANN000001: Hibernate Commons Annotations {5.1.0.Final}
2020-12-26 22:00:55.408  WARN 13304 --- [           main] JpaBaseConfiguration$JpaWebConfiguration : spring.jpa.open-in-view is enabled by default. Therefore, database queries may be performed during view rendering. Explicitly configure spring.jpa.open-in-view to disable this warning
2020-12-26 22:00:55.512  INFO 13304 --- [         task-1] org.hibernate.dialect.Dialect            : HHH000400: Using dialect: org.hibernate.dialect.MariaDBDialect
2020-12-26 22:00:55.700  INFO 13304 --- [           main] o.s.b.a.w.s.WelcomePageHandlerMapping    : Adding welcome page template: index
2020-12-26 22:00:55.719  WARN 13304 --- [         task-1] org.hibernate.mapping.RootClass          : HHH000038: Composite-id class does not override equals(): com.msa.domain.FollowPK
2020-12-26 22:00:55.719  WARN 13304 --- [         task-1] org.hibernate.mapping.RootClass          : HHH000039: Composite-id class does not override hashCode(): com.msa.domain.FollowPK
2020-12-26 22:00:55.719  WARN 13304 --- [         task-1] org.hibernate.mapping.RootClass          : HHH000038: Composite-id class does not override equals(): com.msa.domain.FeedPK
2020-12-26 22:00:55.719  WARN 13304 --- [         task-1] org.hibernate.mapping.RootClass          : HHH000039: Composite-id class does not override hashCode(): com.msa.domain.FeedPK
2020-12-26 22:00:56.023  INFO 13304 --- [           main] o.s.b.t.m.w.SpringBootMockServletContext : Initializing Spring TestDispatcherServlet ''
2020-12-26 22:00:56.024  INFO 13304 --- [           main] o.s.t.web.servlet.TestDispatcherServlet  : Initializing Servlet ''
2020-12-26 22:00:56.037  INFO 13304 --- [           main] o.s.t.web.servlet.TestDispatcherServlet  : Completed initialization in 13 ms
2020-12-26 22:00:56.054  INFO 13304 --- [           main] DeferredRepositoryInitializationListener : Triggering deferred initialization of Spring Data repositories…
Hibernate: 
    
    create table comment (
       id bigint not null auto_increment,
        content varchar(255),
        created_at datetime,
        post_id bigint,
        user_id bigint,
        primary key (id)
    ) engine=InnoDB
Hibernate: 
    
    create table feed (
       followee_id bigint not null,
        post_id bigint not null,
        user_id bigint not null,
        created_at datetime,
        primary key (followee_id, post_id, user_id)
    ) engine=InnoDB
Hibernate: 
    
    create table follow (
       followee_id bigint not null,
        follower_id bigint not null,
        created_at datetime,
        primary key (followee_id, follower_id)
    ) engine=InnoDB
Hibernate: 
    
    create table post (
       id bigint not null auto_increment,
        content varchar(255),
        created_at datetime,
        title varchar(255),
        user_id bigint,
        primary key (id)
    ) engine=InnoDB
Hibernate: 
    
    create table token (
       token varchar(255) not null,
        created_at datetime,
        user_id bigint,
        primary key (token)
    ) engine=InnoDB
Hibernate: 
    
    create table user (
       id bigint not null auto_increment,
        created_at datetime,
        password varchar(255),
        username varchar(255),
        primary key (id)
    ) engine=InnoDB
2020-12-26 22:00:56.253  INFO 13304 --- [         task-1] o.h.e.t.j.p.i.JtaPlatformInitiator       : HHH000490: Using JtaPlatform implementation: [org.hibernate.engine.transaction.jta.platform.internal.NoJtaPlatform]
2020-12-26 22:00:56.261  INFO 13304 --- [         task-1] j.LocalContainerEntityManagerFactoryBean : Initialized JPA EntityManagerFactory for persistence unit 'default'
2020-12-26 22:00:56.556  INFO 13304 --- [           main] DeferredRepositoryInitializationListener : Spring Data repositories initialized!
2020-12-26 22:00:56.564  INFO 13304 --- [           main] com.msa.controller.PostControllerTest    : Started PostControllerTest in 2.577 seconds (JVM running for 3.433)
Hibernate: 
    select
        post0_.id as id1_3_0_,
        post0_.content as content2_3_0_,
        post0_.created_at as created_3_3_0_,
        post0_.title as title4_3_0_,
        post0_.user_id as user_id5_3_0_ 
    from
        post post0_ 
    where
        post0_.id=?
Hibernate: 
    select
        user0_.id as id1_5_0_,
        user0_.created_at as created_2_5_0_,
        user0_.password as password3_5_0_,
        user0_.username as username4_5_0_ 
    from
        user user0_ 
    where
        user0_.id=?
]]></system-out>
  </testcase>
  <testcase name="addPost" classname="com.msa.controller.PostControllerTest" time="0.087">
    <failure message="No value at JSON path &quot;$.data.title&quot;" type="java.lang.AssertionError">java.lang.AssertionError: No value at JSON path "$.data.title"
	at com.msa.controller.PostControllerTest.addPost(PostControllerTest.java:46)
Caused by: com.jayway.jsonpath.PathNotFoundException: Expected to find an object with property ['title'] in path $['data'] but found 'java.lang.String'. This is not a json object according to the JsonProvider: 'com.jayway.jsonpath.spi.json.JsonSmartJsonProvider'.
	at com.msa.controller.PostControllerTest.addPost(PostControllerTest.java:46)
</failure>
    <system-out><![CDATA[Hibernate: 
    select
        authtoken0_.token as token1_4_0_,
        authtoken0_.created_at as created_2_4_0_,
        authtoken0_.user_id as user_id3_4_0_ 
    from
        token authtoken0_ 
    where
        authtoken0_.token=?

MockHttpServletRequest:
      HTTP Method = POST
      Request URI = /post
       Parameters = {}
          Headers = [Content-Type:"application/json;charset=UTF-8", accesstoken:"f6405595568cebaec0037a980b4fafda2e257b7e5ce458829d64641d629b91d6", Content-Length:"47"]
             Body = {"title":"test title","content":"test content"}
    Session Attrs = {}

Handler:
             Type = com.msa.controller.PostController
           Method = com.msa.controller.PostController#addPost(PostDto, String)

Async:
    Async started = false
     Async result = null

Resolved Exception:
             Type = null

ModelAndView:
        View name = null
             View = null
            Model = null

FlashMap:
       Attributes = null

MockHttpServletResponse:
           Status = 200
    Error message = null
          Headers = [Content-Type:"application/json"]
     Content type = application/json
             Body = {"code":4002,"message":"OK","data":"Authentication Failed"}
    Forwarded URL = null
   Redirected URL = null
          Cookies = []
]]></system-out>
  </testcase>
  <testcase name="getSimplePostTest" classname="com.msa.controller.PostControllerTest" time="0.006">
    <error message="Request processing failed; nested exception is java.util.NoSuchElementException: No value present" type="org.springframework.web.util.NestedServletException">org.springframework.web.util.NestedServletException: Request processing failed; nested exception is java.util.NoSuchElementException: No value present
	at com.msa.controller.PostControllerTest.getSimplePostTest(PostControllerTest.java:53)
Caused by: java.util.NoSuchElementException: No value present
	at com.msa.controller.PostControllerTest.getSimplePostTest(PostControllerTest.java:53)
</error>
    <system-out><![CDATA[Hibernate: 
    select
        post0_.id as id1_3_0_,
        post0_.content as content2_3_0_,
        post0_.created_at as created_3_3_0_,
        post0_.title as title4_3_0_,
        post0_.user_id as user_id5_3_0_ 
    from
        post post0_ 
    where
        post0_.id=?
]]></system-out>
  </testcase>
</testsuite>